<!DOCTYPE html PUBLIC "-//W3C//DTD XHTML 1.1//EN" "http://www.w3.org/TR/xhtml11/DTD/xhtml11.dtd">
<html xmlns="http://www.w3.org/1999/xhtml">
<head>
<meta http-equiv="content-type" content="text/html; charset=UTF-8"/>
<title>TestNG Report</title>
<style type="text/css">table {margin-bottom:10px;border-collapse:collapse;empty-cells:show}th,td {border:1px solid #009;padding:.25em .5em}th {vertical-align:bottom}td {vertical-align:top}table a {font-weight:bold}.stripe td {background-color: #E6EBF9}.num {text-align:right}.passedodd td {background-color: #3F3}.passedeven td {background-color: #0A0}.skippedodd td {background-color: #DDD}.skippedeven td {background-color: #CCC}.failedodd td,.attn {background-color: #F33}.failedeven td,.stripe .attn {background-color: #D00}.stacktrace {white-space:pre;font-family:monospace}.totop {font-size:85%;text-align:center;border-bottom:2px solid #000}.invisible {display:none}</style>
</head>
<body>
<table>
<tr><th>Test</th><th># Passed</th><th># Skipped</th><th># Failed</th><th>Time (ms)</th><th>Included Groups</th><th>Excluded Groups</th></tr>
<tr><th colspan="7">SpiritZone</th></tr>
<tr><td><a href="#t0">Spirit_Search_004</a></td><td class="num">0</td><td class="num">0</td><td class="num attn">1</td><td class="num">109,849</td><td></td><td></td></tr>
<tr class="stripe"><td><a href="#t1">Spirit_Search_005</a></td><td class="num">0</td><td class="num">0</td><td class="num attn">1</td><td class="num">127,832</td><td></td><td></td></tr>
<tr><th>Total</th><th class="num">0</th><th class="num">0</th><th class="num attn">2</th><th class="num">237,681</th><th colspan="2"></th></tr>
</table>
<table id='summary'><thead><tr><th>Class</th><th>Method</th><th>Start</th><th>Time (ms)</th></tr></thead><tbody><tr><th colspan="4">SpiritZone</th></tr></tbody><tbody id="t0"><tr><th colspan="4">Spirit_Search_004 &#8212; failed</th></tr><tr class="failedeven"><td rowspan="1">com.spiritzone.AutomationDriverScript</td><td><a href="#m0">scriptExecutioner</a></td><td rowspan="1">1597682379189</td><td rowspan="1">108183</td></tr></tbody>
<tbody id="t1"><tr><th colspan="4">Spirit_Search_005 &#8212; failed</th></tr><tr class="failedeven"><td rowspan="1">com.spiritzone.AutomationDriverScript</td><td><a href="#m1">scriptExecutioner</a></td><td rowspan="1">1597682489061</td><td rowspan="1">126695</td></tr></tbody>
</table>
<h2>Spirit_Search_004</h2><h3 id="m0">com.spiritzone.AutomationDriverScript#scriptExecutioner</h3><table class="result"><tr class="param"><th>Parameter #1</th><th>Parameter #2</th><th>Parameter #3</th><th>Parameter #4</th></tr><tr class="param stripe"><td>Spirit_Search_004</td><td>CreateSearchLiquiorOrder</td><td>Anmol</td><td>To verify if System is Restricting  User to Place order from Cart value &lt; â‚¹1000</td></tr><tr><th colspan="4">Messages</th></tr><tr><td colspan="4"><div class="messages">Step Description--> <B><u>StepNumber-</u>1<i><Font Color = /'#00008B/'> Executing : CreateSpiritLogin </Font></i></B><br/>Step Description-->  Entering Userid as anmolmishra0304@gmail.com<br/>Step Description-->  Entering Password as steveJOBS@123<br/>Step Description--> Click on Submit<br/>Step Description--> Negtive Scanerio <br/>Step Description--> <B><u>StepNumber-</u>2<i><Font Color = /'#00008B/'> Executing : CreateSearchLiquiorOrder </Font></i></B><br/>Step Description--> <B>Traversed TO Home Page to Perform Liquor Search Actions </B><br/>Step Description--> Clicked on Search Bar<br/>Step Description--> Typed on SearchBar as Kingfisher Strong<br/>Step Description--> Clicked on Kingfisher Strong at Search Bar<br/>Step Description--> Clicked on Kingfisher Strong at Product List<br/>Step Description--> Clicked on Add to cart<br/>Step Description--> Traversed TO CART<br/>Step Description--> Not Applying Permit No <br/>Step Description--> Click on Pay On Delivery <br/>Step Description--> Clicked Submit Button <br/>Step Description--> Clicked on Orderstatus Button </div></td></tr><tr><th colspan="4">Exception</th></tr><tr><td colspan="4"><div class="stacktrace">java.lang.AssertionError: expected [true] but found [false]
	at org.testng.Assert.fail(Assert.java:96)
	at org.testng.Assert.failNotEquals(Assert.java:776)
	at org.testng.Assert.assertTrue(Assert.java:44)
	at org.testng.Assert.assertTrue(Assert.java:54)
	at com.spiritzone.Utilities.addAssertTakeScreenShot(Utilities.java:99)
	at com.spiritzone.Utilities.logReporter(Utilities.java:35)
	at com.Pages.SpiritZoneSearch.TraversingToCartDetails(SpiritZoneSearch.java:291)
	at com.Pages.SpiritZoneSearch.fillAndSubmitSearchDetails(SpiritZoneSearch.java:351)
	at com.spiritzone.KeywordHelper.SearchOrder(KeywordHelper.java:72)
	at com.spiritzone.FunctionalKeyword.executeStep(FunctionalKeyword.java:42)
	at com.spiritzone.AutomationDriverScript.scriptExecutioner(AutomationDriverScript.java:61)
	at java.base/jdk.internal.reflect.NativeMethodAccessorImpl.invoke0(Native Method)
	at java.base/jdk.internal.reflect.NativeMethodAccessorImpl.invoke(NativeMethodAccessorImpl.java:62)
	at java.base/jdk.internal.reflect.DelegatingMethodAccessorImpl.invoke(DelegatingMethodAccessorImpl.java:43)
	at java.base/java.lang.reflect.Method.invoke(Method.java:567)
	at org.testng.internal.MethodInvocationHelper.invokeMethod(MethodInvocationHelper.java:124)
	at org.testng.internal.Invoker.invokeMethod(Invoker.java:583)
	at org.testng.internal.Invoker.invokeTestMethod(Invoker.java:719)
	at org.testng.internal.Invoker.invokeTestMethods(Invoker.java:989)
	at org.testng.internal.TestMethodWorker.invokeTestMethods(TestMethodWorker.java:125)
	at org.testng.internal.TestMethodWorker.run(TestMethodWorker.java:109)
	at org.testng.TestRunner.privateRun(TestRunner.java:648)
	at org.testng.TestRunner.run(TestRunner.java:505)
	at org.testng.SuiteRunner.runTest(SuiteRunner.java:455)
	at org.testng.SuiteRunner.runSequentially(SuiteRunner.java:450)
	at org.testng.SuiteRunner.privateRun(SuiteRunner.java:415)
	at org.testng.SuiteRunner.run(SuiteRunner.java:364)
	at org.testng.SuiteRunnerWorker.runSuite(SuiteRunnerWorker.java:52)
	at org.testng.SuiteRunnerWorker.run(SuiteRunnerWorker.java:84)
	at org.testng.TestNG.runSuitesSequentially(TestNG.java:1208)
	at org.testng.TestNG.runSuitesLocally(TestNG.java:1137)
	at org.testng.TestNG.runSuites(TestNG.java:1049)
	at org.testng.TestNG.run(TestNG.java:1017)
	at com.spiritzone.Uploader.launchExecution(Uploader.java:235)
	at com.spiritzone.TestLauncher.main(TestLauncher.java:23)
</div></td></tr></table><p class="totop"><a href="#summary">back to summary</a></p>
<h2>Spirit_Search_005</h2><h3 id="m1">com.spiritzone.AutomationDriverScript#scriptExecutioner</h3><table class="result"><tr class="param"><th>Parameter #1</th><th>Parameter #2</th><th>Parameter #3</th><th>Parameter #4</th></tr><tr class="param stripe"><td>Spirit_Search_005</td><td>CreateSearchLiquiorOrder</td><td>Anmol</td><td>To verify if System is Restricting  User to Place order Selecting Yes on Permit Section  Without  Permit number</td></tr><tr><th colspan="4">Messages</th></tr><tr><td colspan="4"><div class="messages">Step Description--> <B><u>StepNumber-</u>1<i><Font Color = /'#00008B/'> Executing : CreateSpiritLogin </Font></i></B><br/>Step Description-->  Entering Userid as anmolmishra0304@gmail.com<br/>Step Description-->  Entering Password as steveJOBS@123<br/>Step Description--> Click on Submit<br/>Step Description--> Negtive Scanerio <br/>Step Description--> <B><u>StepNumber-</u>2<i><Font Color = /'#00008B/'> Executing : CreateSearchLiquiorOrder </Font></i></B><br/>Step Description--> <B>Traversed TO Home Page to Perform Liquor Search Actions </B><br/>Step Description--> Clicked on Search Bar<br/>Step Description--> Typed on SearchBar as Kingfisher Strong<br/>Step Description--> Clicked on Kingfisher Strong at Search Bar<br/>Step Description--> Clicked on Kingfisher Strong at Product List<br/>Step Description--> Clicked on Add to cart<br/>Step Description--> Traversed TO CART<br/>Step Description--> Typed on Permit no as 0<br/>Step Description--> Click on Pay On Delivery </div></td></tr><tr><th colspan="4">Exception</th></tr><tr><td colspan="4"><div class="stacktrace">java.lang.AssertionError: expected [true] but found [false]
	at org.testng.Assert.fail(Assert.java:96)
	at org.testng.Assert.failNotEquals(Assert.java:776)
	at org.testng.Assert.assertTrue(Assert.java:44)
	at org.testng.Assert.assertTrue(Assert.java:54)
	at com.spiritzone.Utilities.addAssertTakeScreenShot(Utilities.java:99)
	at com.spiritzone.Utilities.logReporter(Utilities.java:35)
	at com.Pages.SpiritZoneSearch.TraversingToCartDetails(SpiritZoneSearch.java:301)
	at com.Pages.SpiritZoneSearch.fillAndSubmitSearchDetails(SpiritZoneSearch.java:351)
	at com.spiritzone.KeywordHelper.SearchOrder(KeywordHelper.java:72)
	at com.spiritzone.FunctionalKeyword.executeStep(FunctionalKeyword.java:42)
	at com.spiritzone.AutomationDriverScript.scriptExecutioner(AutomationDriverScript.java:61)
	at java.base/jdk.internal.reflect.NativeMethodAccessorImpl.invoke0(Native Method)
	at java.base/jdk.internal.reflect.NativeMethodAccessorImpl.invoke(NativeMethodAccessorImpl.java:62)
	at java.base/jdk.internal.reflect.DelegatingMethodAccessorImpl.invoke(DelegatingMethodAccessorImpl.java:43)
	at java.base/java.lang.reflect.Method.invoke(Method.java:567)
	at org.testng.internal.MethodInvocationHelper.invokeMethod(MethodInvocationHelper.java:124)
	at org.testng.internal.Invoker.invokeMethod(Invoker.java:583)
	at org.testng.internal.Invoker.invokeTestMethod(Invoker.java:719)
	at org.testng.internal.Invoker.invokeTestMethods(Invoker.java:989)
	at org.testng.internal.TestMethodWorker.invokeTestMethods(TestMethodWorker.java:125)
	at org.testng.internal.TestMethodWorker.run(TestMethodWorker.java:109)
	at org.testng.TestRunner.privateRun(TestRunner.java:648)
	at org.testng.TestRunner.run(TestRunner.java:505)
	at org.testng.SuiteRunner.runTest(SuiteRunner.java:455)
	at org.testng.SuiteRunner.runSequentially(SuiteRunner.java:450)
	at org.testng.SuiteRunner.privateRun(SuiteRunner.java:415)
	at org.testng.SuiteRunner.run(SuiteRunner.java:364)
	at org.testng.SuiteRunnerWorker.runSuite(SuiteRunnerWorker.java:52)
	at org.testng.SuiteRunnerWorker.run(SuiteRunnerWorker.java:84)
	at org.testng.TestNG.runSuitesSequentially(TestNG.java:1208)
	at org.testng.TestNG.runSuitesLocally(TestNG.java:1137)
	at org.testng.TestNG.runSuites(TestNG.java:1049)
	at org.testng.TestNG.run(TestNG.java:1017)
	at com.spiritzone.Uploader.launchExecution(Uploader.java:235)
	at com.spiritzone.TestLauncher.main(TestLauncher.java:23)
</div></td></tr></table><p class="totop"><a href="#summary">back to summary</a></p>
</body>
</html>
