<?xml version="1.0" encoding="UTF-8"?>
<testng-results ignored="0" total="2" passed="0" failed="2" skipped="0">
  <reporter-output>
    <line>
      <![CDATA[Step Description--> <B><u>StepNumber-</u>1<i><Font Color = /'#00008B/'> Executing : CreateSpiritLogin </Font></i></B>]]>
    </line>
    <line>
      <![CDATA[Step Description-->  Entering Userid as anmolmishra0304@gmail.com]]>
    </line>
    <line>
      <![CDATA[Step Description-->  Entering Password as steveJOBS@123]]>
    </line>
    <line>
      <![CDATA[Step Description--> Click on Submit]]>
    </line>
    <line>
      <![CDATA[Step Description--> Negtive Scanerio ]]>
    </line>
    <line>
      <![CDATA[Step Description--> <B><u>StepNumber-</u>2<i><Font Color = /'#00008B/'> Executing : CreateSearchLiquiorOrder </Font></i></B>]]>
    </line>
    <line>
      <![CDATA[Step Description--> <B>Traversed TO Home Page to Perform Liquor Search Actions </B>]]>
    </line>
    <line>
      <![CDATA[Step Description--> Clicked on Search Bar]]>
    </line>
    <line>
      <![CDATA[Step Description--> Typed on SearchBar as Kingfisher Strong]]>
    </line>
    <line>
      <![CDATA[Step Description--> Clicked on Kingfisher Strong at Search Bar]]>
    </line>
    <line>
      <![CDATA[Step Description--> Clicked on Kingfisher Strong at Product List]]>
    </line>
    <line>
      <![CDATA[Step Description--> Clicked on Add to cart]]>
    </line>
    <line>
      <![CDATA[Step Description--> Traversed TO CART]]>
    </line>
    <line>
      <![CDATA[Step Description--> Not Applying Permit No ]]>
    </line>
    <line>
      <![CDATA[Step Description--> Click on Pay On Delivery ]]>
    </line>
    <line>
      <![CDATA[Step Description--> Clicked Submit Button ]]>
    </line>
    <line>
      <![CDATA[Step Description--> Clicked on Orderstatus Button ]]>
    </line>
    <line>
      <![CDATA[Step Description--> <B><u>StepNumber-</u>1<i><Font Color = /'#00008B/'> Executing : CreateSpiritLogin </Font></i></B>]]>
    </line>
    <line>
      <![CDATA[Step Description-->  Entering Userid as anmolmishra0304@gmail.com]]>
    </line>
    <line>
      <![CDATA[Step Description-->  Entering Password as steveJOBS@123]]>
    </line>
    <line>
      <![CDATA[Step Description--> Click on Submit]]>
    </line>
    <line>
      <![CDATA[Step Description--> Negtive Scanerio ]]>
    </line>
    <line>
      <![CDATA[Step Description--> <B><u>StepNumber-</u>2<i><Font Color = /'#00008B/'> Executing : CreateSearchLiquiorOrder </Font></i></B>]]>
    </line>
    <line>
      <![CDATA[Step Description--> <B>Traversed TO Home Page to Perform Liquor Search Actions </B>]]>
    </line>
    <line>
      <![CDATA[Step Description--> Clicked on Search Bar]]>
    </line>
    <line>
      <![CDATA[Step Description--> Typed on SearchBar as Kingfisher Strong]]>
    </line>
    <line>
      <![CDATA[Step Description--> Clicked on Kingfisher Strong at Search Bar]]>
    </line>
    <line>
      <![CDATA[Step Description--> Clicked on Kingfisher Strong at Product List]]>
    </line>
    <line>
      <![CDATA[Step Description--> Clicked on Add to cart]]>
    </line>
    <line>
      <![CDATA[Step Description--> Traversed TO CART]]>
    </line>
    <line>
      <![CDATA[Step Description--> Typed on Permit no as 0]]>
    </line>
    <line>
      <![CDATA[Step Description--> Click on Pay On Delivery ]]>
    </line>
  </reporter-output>
  <suite started-at="2020-08-17T16:39:39Z" name="SpiritZone" finished-at="2020-08-17T16:43:36Z" duration-ms="237729">
    <groups>
    </groups>
    <test started-at="2020-08-17T16:39:39Z" name="Spirit_Search_004" finished-at="2020-08-17T16:41:29Z" duration-ms="109849">
      <class name="com.spiritzone.AutomationDriverScript">
        <test-method signature="scriptExecutioner(java.lang.String, java.lang.String, java.lang.String, java.lang.String)[pri:0, instance:com.spiritzone.AutomationDriverScript@15d49048]" started-at="2020-08-17T16:39:39Z" name="scriptExecutioner" finished-at="2020-08-17T16:41:27Z" duration-ms="108183" status="FAIL">
          <params>
            <param index="0">
              <value>
                <![CDATA[Spirit_Search_004]]>
              </value>
            </param>
            <param index="1">
              <value>
                <![CDATA[CreateSearchLiquiorOrder]]>
              </value>
            </param>
            <param index="2">
              <value>
                <![CDATA[Anmol]]>
              </value>
            </param>
            <param index="3">
              <value>
                <![CDATA[To verify if System is Restricting  User to Place order from Cart value < â‚¹1000]]>
              </value>
            </param>
          </params>
          <exception class="java.lang.AssertionError">
            <message>
              <![CDATA[expected [true] but found [false]]]>
            </message>
            <full-stacktrace>
              <![CDATA[java.lang.AssertionError: expected [true] but found [false]
at org.testng.Assert.fail(Assert.java:96)
at org.testng.Assert.failNotEquals(Assert.java:776)
at org.testng.Assert.assertTrue(Assert.java:44)
at org.testng.Assert.assertTrue(Assert.java:54)
at com.spiritzone.Utilities.addAssertTakeScreenShot(Utilities.java:99)
at com.spiritzone.Utilities.logReporter(Utilities.java:35)
at com.Pages.SpiritZoneSearch.TraversingToCartDetails(SpiritZoneSearch.java:291)
at com.Pages.SpiritZoneSearch.fillAndSubmitSearchDetails(SpiritZoneSearch.java:351)
at com.spiritzone.KeywordHelper.SearchOrder(KeywordHelper.java:72)
at com.spiritzone.FunctionalKeyword.executeStep(FunctionalKeyword.java:42)
at com.spiritzone.AutomationDriverScript.scriptExecutioner(AutomationDriverScript.java:61)
at java.base/jdk.internal.reflect.NativeMethodAccessorImpl.invoke0(Native Method)
at java.base/jdk.internal.reflect.NativeMethodAccessorImpl.invoke(NativeMethodAccessorImpl.java:62)
at java.base/jdk.internal.reflect.DelegatingMethodAccessorImpl.invoke(DelegatingMethodAccessorImpl.java:43)
at java.base/java.lang.reflect.Method.invoke(Method.java:567)
at org.testng.internal.MethodInvocationHelper.invokeMethod(MethodInvocationHelper.java:124)
at org.testng.internal.Invoker.invokeMethod(Invoker.java:583)
at org.testng.internal.Invoker.invokeTestMethod(Invoker.java:719)
at org.testng.internal.Invoker.invokeTestMethods(Invoker.java:989)
at org.testng.internal.TestMethodWorker.invokeTestMethods(TestMethodWorker.java:125)
at org.testng.internal.TestMethodWorker.run(TestMethodWorker.java:109)
at org.testng.TestRunner.privateRun(TestRunner.java:648)
at org.testng.TestRunner.run(TestRunner.java:505)
at org.testng.SuiteRunner.runTest(SuiteRunner.java:455)
at org.testng.SuiteRunner.runSequentially(SuiteRunner.java:450)
at org.testng.SuiteRunner.privateRun(SuiteRunner.java:415)
at org.testng.SuiteRunner.run(SuiteRunner.java:364)
at org.testng.SuiteRunnerWorker.runSuite(SuiteRunnerWorker.java:52)
at org.testng.SuiteRunnerWorker.run(SuiteRunnerWorker.java:84)
at org.testng.TestNG.runSuitesSequentially(TestNG.java:1208)
at org.testng.TestNG.runSuitesLocally(TestNG.java:1137)
at org.testng.TestNG.runSuites(TestNG.java:1049)
at org.testng.TestNG.run(TestNG.java:1017)
at com.spiritzone.Uploader.launchExecution(Uploader.java:235)
at com.spiritzone.TestLauncher.main(TestLauncher.java:23)
]]>
            </full-stacktrace>
          </exception> <!-- java.lang.AssertionError -->
          <reporter-output>
            <line>
              <![CDATA[Step Description--> <B><u>StepNumber-</u>1<i><Font Color = /'#00008B/'> Executing : CreateSpiritLogin </Font></i></B>]]>
            </line>
            <line>
              <![CDATA[Step Description-->  Entering Userid as anmolmishra0304@gmail.com]]>
            </line>
            <line>
              <![CDATA[Step Description-->  Entering Password as steveJOBS@123]]>
            </line>
            <line>
              <![CDATA[Step Description--> Click on Submit]]>
            </line>
            <line>
              <![CDATA[Step Description--> Negtive Scanerio ]]>
            </line>
            <line>
              <![CDATA[Step Description--> <B><u>StepNumber-</u>2<i><Font Color = /'#00008B/'> Executing : CreateSearchLiquiorOrder </Font></i></B>]]>
            </line>
            <line>
              <![CDATA[Step Description--> <B>Traversed TO Home Page to Perform Liquor Search Actions </B>]]>
            </line>
            <line>
              <![CDATA[Step Description--> Clicked on Search Bar]]>
            </line>
            <line>
              <![CDATA[Step Description--> Typed on SearchBar as Kingfisher Strong]]>
            </line>
            <line>
              <![CDATA[Step Description--> Clicked on Kingfisher Strong at Search Bar]]>
            </line>
            <line>
              <![CDATA[Step Description--> Clicked on Kingfisher Strong at Product List]]>
            </line>
            <line>
              <![CDATA[Step Description--> Clicked on Add to cart]]>
            </line>
            <line>
              <![CDATA[Step Description--> Traversed TO CART]]>
            </line>
            <line>
              <![CDATA[Step Description--> Not Applying Permit No ]]>
            </line>
            <line>
              <![CDATA[Step Description--> Click on Pay On Delivery ]]>
            </line>
            <line>
              <![CDATA[Step Description--> Clicked Submit Button ]]>
            </line>
            <line>
              <![CDATA[Step Description--> Clicked on Orderstatus Button ]]>
            </line>
          </reporter-output>
        </test-method> <!-- scriptExecutioner -->
        <test-method is-config="true" signature="quitDriver()[pri:0, instance:com.spiritzone.AutomationDriverScript@15d49048]" started-at="2020-08-17T16:41:28Z" name="quitDriver" finished-at="2020-08-17T16:41:29Z" duration-ms="426" status="PASS">
          <reporter-output>
          </reporter-output>
        </test-method> <!-- quitDriver -->
      </class> <!-- com.spiritzone.AutomationDriverScript -->
    </test> <!-- Spirit_Search_004 -->
    <test started-at="2020-08-17T16:41:29Z" name="Spirit_Search_005" finished-at="2020-08-17T16:43:36Z" duration-ms="127832">
      <class name="com.spiritzone.AutomationDriverScript">
        <test-method signature="scriptExecutioner(java.lang.String, java.lang.String, java.lang.String, java.lang.String)[pri:0, instance:com.spiritzone.AutomationDriverScript@3214ee6]" started-at="2020-08-17T16:41:29Z" name="scriptExecutioner" finished-at="2020-08-17T16:43:35Z" duration-ms="126695" status="FAIL">
          <params>
            <param index="0">
              <value>
                <![CDATA[Spirit_Search_005]]>
              </value>
            </param>
            <param index="1">
              <value>
                <![CDATA[CreateSearchLiquiorOrder]]>
              </value>
            </param>
            <param index="2">
              <value>
                <![CDATA[Anmol]]>
              </value>
            </param>
            <param index="3">
              <value>
                <![CDATA[To verify if System is Restricting  User to Place order Selecting Yes on Permit Section  Without  Permit number]]>
              </value>
            </param>
          </params>
          <exception class="java.lang.AssertionError">
            <message>
              <![CDATA[expected [true] but found [false]]]>
            </message>
            <full-stacktrace>
              <![CDATA[java.lang.AssertionError: expected [true] but found [false]
at org.testng.Assert.fail(Assert.java:96)
at org.testng.Assert.failNotEquals(Assert.java:776)
at org.testng.Assert.assertTrue(Assert.java:44)
at org.testng.Assert.assertTrue(Assert.java:54)
at com.spiritzone.Utilities.addAssertTakeScreenShot(Utilities.java:99)
at com.spiritzone.Utilities.logReporter(Utilities.java:35)
at com.Pages.SpiritZoneSearch.TraversingToCartDetails(SpiritZoneSearch.java:301)
at com.Pages.SpiritZoneSearch.fillAndSubmitSearchDetails(SpiritZoneSearch.java:351)
at com.spiritzone.KeywordHelper.SearchOrder(KeywordHelper.java:72)
at com.spiritzone.FunctionalKeyword.executeStep(FunctionalKeyword.java:42)
at com.spiritzone.AutomationDriverScript.scriptExecutioner(AutomationDriverScript.java:61)
at java.base/jdk.internal.reflect.NativeMethodAccessorImpl.invoke0(Native Method)
at java.base/jdk.internal.reflect.NativeMethodAccessorImpl.invoke(NativeMethodAccessorImpl.java:62)
at java.base/jdk.internal.reflect.DelegatingMethodAccessorImpl.invoke(DelegatingMethodAccessorImpl.java:43)
at java.base/java.lang.reflect.Method.invoke(Method.java:567)
at org.testng.internal.MethodInvocationHelper.invokeMethod(MethodInvocationHelper.java:124)
at org.testng.internal.Invoker.invokeMethod(Invoker.java:583)
at org.testng.internal.Invoker.invokeTestMethod(Invoker.java:719)
at org.testng.internal.Invoker.invokeTestMethods(Invoker.java:989)
at org.testng.internal.TestMethodWorker.invokeTestMethods(TestMethodWorker.java:125)
at org.testng.internal.TestMethodWorker.run(TestMethodWorker.java:109)
at org.testng.TestRunner.privateRun(TestRunner.java:648)
at org.testng.TestRunner.run(TestRunner.java:505)
at org.testng.SuiteRunner.runTest(SuiteRunner.java:455)
at org.testng.SuiteRunner.runSequentially(SuiteRunner.java:450)
at org.testng.SuiteRunner.privateRun(SuiteRunner.java:415)
at org.testng.SuiteRunner.run(SuiteRunner.java:364)
at org.testng.SuiteRunnerWorker.runSuite(SuiteRunnerWorker.java:52)
at org.testng.SuiteRunnerWorker.run(SuiteRunnerWorker.java:84)
at org.testng.TestNG.runSuitesSequentially(TestNG.java:1208)
at org.testng.TestNG.runSuitesLocally(TestNG.java:1137)
at org.testng.TestNG.runSuites(TestNG.java:1049)
at org.testng.TestNG.run(TestNG.java:1017)
at com.spiritzone.Uploader.launchExecution(Uploader.java:235)
at com.spiritzone.TestLauncher.main(TestLauncher.java:23)
]]>
            </full-stacktrace>
          </exception> <!-- java.lang.AssertionError -->
          <reporter-output>
            <line>
              <![CDATA[Step Description--> <B><u>StepNumber-</u>1<i><Font Color = /'#00008B/'> Executing : CreateSpiritLogin </Font></i></B>]]>
            </line>
            <line>
              <![CDATA[Step Description-->  Entering Userid as anmolmishra0304@gmail.com]]>
            </line>
            <line>
              <![CDATA[Step Description-->  Entering Password as steveJOBS@123]]>
            </line>
            <line>
              <![CDATA[Step Description--> Click on Submit]]>
            </line>
            <line>
              <![CDATA[Step Description--> Negtive Scanerio ]]>
            </line>
            <line>
              <![CDATA[Step Description--> <B><u>StepNumber-</u>2<i><Font Color = /'#00008B/'> Executing : CreateSearchLiquiorOrder </Font></i></B>]]>
            </line>
            <line>
              <![CDATA[Step Description--> <B>Traversed TO Home Page to Perform Liquor Search Actions </B>]]>
            </line>
            <line>
              <![CDATA[Step Description--> Clicked on Search Bar]]>
            </line>
            <line>
              <![CDATA[Step Description--> Typed on SearchBar as Kingfisher Strong]]>
            </line>
            <line>
              <![CDATA[Step Description--> Clicked on Kingfisher Strong at Search Bar]]>
            </line>
            <line>
              <![CDATA[Step Description--> Clicked on Kingfisher Strong at Product List]]>
            </line>
            <line>
              <![CDATA[Step Description--> Clicked on Add to cart]]>
            </line>
            <line>
              <![CDATA[Step Description--> Traversed TO CART]]>
            </line>
            <line>
              <![CDATA[Step Description--> Typed on Permit no as 0]]>
            </line>
            <line>
              <![CDATA[Step Description--> Click on Pay On Delivery ]]>
            </line>
          </reporter-output>
        </test-method> <!-- scriptExecutioner -->
        <test-method is-config="true" signature="quitDriver()[pri:0, instance:com.spiritzone.AutomationDriverScript@3214ee6]" started-at="2020-08-17T16:43:36Z" name="quitDriver" finished-at="2020-08-17T16:43:36Z" duration-ms="611" status="PASS">
          <reporter-output>
          </reporter-output>
        </test-method> <!-- quitDriver -->
      </class> <!-- com.spiritzone.AutomationDriverScript -->
    </test> <!-- Spirit_Search_005 -->
  </suite> <!-- SpiritZone -->
</testng-results>
